<?xml version="1.0" encoding="UTF-8"?>
<!-- Generated by org.testng.reporters.JUnitXMLReporter -->
<testsuite ignored="0" hostname="DESKTOP-11MDM02" failures="0" tests="7" name="Default test" time="44.243" errors="0" timestamp="2024-05-12T17:41:26 EET">
  <testcase classname="HomePage" name="FlightDepartureDate" time="6.81"/>
  <testcase classname="HomePage" name="FlightReturnDate" time="5.1"/>
  <testcase classname="HomePage" name="CheckHotelsNOTSelected" time="8.117"/>
  <testcase classname="HomePage" name="CheckDefaultlanguageEN" time="2.093"/>
  <testcase classname="HomePage" name="CheckDefaultCurrency" time="2.105"/>
  <testcase classname="HomePage" name="CheckLogo" time="7.174"/>
  <testcase classname="HomePage" name="CheakContactNumbers" time="9.27"/>
</testsuite> <!-- Default test -->
