<?xml version="1.0" encoding="UTF-8"?>
<testng-results ignored="0" total="2" passed="2" failed="0" skipped="0">
  <reporter-output>
  </reporter-output>
  <suite started-at="2024-05-12T00:57:59 EET" name="Default suite" finished-at="2024-05-12T00:58:53 EET" duration-ms="54668">
    <groups>
    </groups>
    <test started-at="2024-05-12T00:57:59 EET" name="Default test" finished-at="2024-05-12T00:58:53 EET" duration-ms="54668">
      <class name="Random_Language">
        <test-method is-config="true" signature="GoWebsite()[pri:0, instance:Random_Language@5911e990]" started-at="2024-05-12T00:57:59 EET" name="GoWebsite" finished-at="2024-05-12T00:58:02 EET" duration-ms="3400" status="PASS">
          <reporter-output>
          </reporter-output>
        </test-method> <!-- GoWebsite -->
        <test-method signature="CheakRandomlanguage()[pri:0, instance:Random_Language@5911e990]" started-at="2024-05-12T00:58:02 EET" name="CheakRandomlanguage" finished-at="2024-05-12T00:58:25 EET" duration-ms="22945" status="PASS">
          <reporter-output>
          </reporter-output>
        </test-method> <!-- CheakRandomlanguage -->
        <test-method signature="CheakRandomlanguage()[pri:0, instance:Random_Language@5911e990]" started-at="2024-05-12T00:58:25 EET" name="CheakRandomlanguage" finished-at="2024-05-12T00:58:53 EET" duration-ms="28249" status="PASS">
          <reporter-output>
          </reporter-output>
        </test-method> <!-- CheakRandomlanguage -->
      </class> <!-- Random_Language -->
    </test> <!-- Default test -->
  </suite> <!-- Default suite -->
</testng-results>
